[p.w3layouts.com/demos_new/template_demo/28-09-2017/apt_resume-demo_Free/1887007974/web/index7b23.html]
[backblue.gif]
[fade.gif]
[index.html]
[p.w3layouts.com/demos_new/template_demo/28-09-2017/apt_resume-demo_Free/1887007974/web/css/bootstrap.css]
[p.w3layouts.com/demos_new/template_demo/28-09-2017/apt_resume-demo_Free/1887007974/web/css/font-awesome.css]
[p.w3layouts.com/demos_new/template_demo/28-09-2017/apt_resume-demo_Free/1887007974/web/css/style.css]
[m.servedby-buysellads.com/monetization.js]
[p.w3layouts.com/assests/css/font-awesome.min.css]
[p.w3layouts.com/demos_new/template_demo/28-09-2017/apt_resume-demo_Free/1887007974/web/index.html]
[p.w3layouts.com/demos_new/template_demo/28-09-2017/apt_resume-demo_Free/1887007974/web/images/1.jpg]
[p.w3layouts.com/demos_new/template_demo/28-09-2017/apt_resume-demo_Free/1887007974/web/images/2.jpg]
[p.w3layouts.com/demos_new/template_demo/28-09-2017/apt_resume-demo_Free/1887007974/web/images/3.jpg]
[p.w3layouts.com/demos_new/template_demo/28-09-2017/apt_resume-demo_Free/1887007974/web/images/4.jpg]
[p.w3layouts.com/demos_new/template_demo/28-09-2017/apt_resume-demo_Free/1887007974/web/images/5.jpg]
[p.w3layouts.com/demos_new/template_demo/28-09-2017/apt_resume-demo_Free/1887007974/web/images/6.jpg]
[p.w3layouts.com/demos_new/template_demo/28-09-2017/apt_resume-demo_Free/1887007974/web/images/7.jpg]
[p.w3layouts.com/demos_new/template_demo/28-09-2017/apt_resume-demo_Free/1887007974/web/images/8.jpg]
[p.w3layouts.com/demos_new/template_demo/28-09-2017/apt_resume-demo_Free/1887007974/web/images/9.jpg]
[p.w3layouts.com/cdn-cgi/scripts/5c5dd728/cloudflare-static/email-decode.min.js]
[p.w3layouts.com/demos_new/template_demo/28-09-2017/apt_resume-demo_Free/1887007974/web/js/jquery-2.2.3.min.js]
[p.w3layouts.com/demos_new/template_demo/28-09-2017/apt_resume-demo_Free/1887007974/web/js/bars.js]
[p.w3layouts.com/demos_new/template_demo/28-09-2017/apt_resume-demo_Free/1887007974/web/js/jquery.chocolat.js]
[p.w3layouts.com/demos_new/template_demo/28-09-2017/apt_resume-demo_Free/1887007974/web/css/chocolat.css]
[p.w3layouts.com/demos_new/template_demo/28-09-2017/apt_resume-demo_Free/1887007974/web/js/move-top.js]
[p.w3layouts.com/demos_new/template_demo/28-09-2017/apt_resume-demo_Free/1887007974/web/js/easing.js]
[p.w3layouts.com/demos_new/template_demo/28-09-2017/apt_resume-demo_Free/1887007974/web/js/bootstrap.js]
[p.w3layouts.com/demos_new/template_demo/28-09-2017/apt_resume-demo_Free/1887007974/web/index7b23.html]
[p.w3layouts.com/cdn-cgi/challenge-platform/h/b/scripts/jsd/471dc2adc340/main.js]
[p.w3layouts.com/demos_new/template_demo/28-09-2017/apt_resume-demo_Free/1887007974/web/fonts/glyphicons-halflings-regular.eot]
[p.w3layouts.com/demos_new/template_demo/28-09-2017/apt_resume-demo_Free/1887007974/web/fonts/glyphicons-halflings-regulard41d.eot]
[p.w3layouts.com/demos_new/template_demo/28-09-2017/apt_resume-demo_Free/1887007974/web/fonts/glyphicons-halflings-regular.woff2]
[p.w3layouts.com/demos_new/template_demo/28-09-2017/apt_resume-demo_Free/1887007974/web/fonts/glyphicons-halflings-regular.woff]
[p.w3layouts.com/demos_new/template_demo/28-09-2017/apt_resume-demo_Free/1887007974/web/fonts/glyphicons-halflings-regular.ttf]
[p.w3layouts.com/demos_new/template_demo/28-09-2017/apt_resume-demo_Free/1887007974/web/css/bootstrap.css]
[p.w3layouts.com/demos_new/template_demo/28-09-2017/apt_resume-demo_Free/1887007974/web/fonts/glyphicons-halflings-regular.svg]
[p.w3layouts.com/demos_new/template_demo/28-09-2017/apt_resume-demo_Free/1887007974/web/fonts/fontawesome-webfont5b62.eot]
[p.w3layouts.com/demos_new/template_demo/28-09-2017/apt_resume-demo_Free/1887007974/web/fonts/fontawesome-webfontd41d.eot]
[p.w3layouts.com/demos_new/template_demo/28-09-2017/apt_resume-demo_Free/1887007974/web/fonts/fontawesome-webfont5b62.woff2]
[p.w3layouts.com/demos_new/template_demo/28-09-2017/apt_resume-demo_Free/1887007974/web/fonts/fontawesome-webfont5b62.woff]
[p.w3layouts.com/demos_new/template_demo/28-09-2017/apt_resume-demo_Free/1887007974/web/fonts/fontawesome-webfont5b62.ttf]
[p.w3layouts.com/demos_new/template_demo/28-09-2017/apt_resume-demo_Free/1887007974/web/css/font-awesome.css]
[p.w3layouts.com/demos_new/template_demo/28-09-2017/apt_resume-demo_Free/1887007974/web/fonts/fontawesome-webfont5b62.svg]
[p.w3layouts.com/demos_new/template_demo/28-09-2017/apt_resume-demo_Free/1887007974/web/images/banner.jpg]
[p.w3layouts.com/demos_new/template_demo/28-09-2017/apt_resume-demo_Free/1887007974/web/images/edu.jpg]
[p.w3layouts.com/demos_new/template_demo/28-09-2017/apt_resume-demo_Free/1887007974/web/images/exp.jpg]
[p.w3layouts.com/demos_new/template_demo/28-09-2017/apt_resume-demo_Free/1887007974/web/images/award.jpg]
[p.w3layouts.com/demos_new/template_demo/28-09-2017/apt_resume-demo_Free/1887007974/web/images/arr.png]
[p.w3layouts.com/demos_new/template_demo/28-09-2017/apt_resume-demo_Free/1887007974/web/css/style.css]
[p.w3layouts.com/assests/css/font-awesome.min.css]
[p.w3layouts.com/demos_new/template_demo/28-09-2017/apt_resume-demo_Free/1887007974/web/index.html]
[p.w3layouts.com/demos_new/template_demo/28-09-2017/apt_resume-demo_Free/1887007974/web/js/bars.html]
[p.w3layouts.com/demos_new/template_demo/28-09-2017/apt_resume-demo_Free/1887007974/web/images/left.png]
[p.w3layouts.com/demos_new/template_demo/28-09-2017/apt_resume-demo_Free/1887007974/web/images/right.png]
[p.w3layouts.com/demos_new/template_demo/28-09-2017/apt_resume-demo_Free/1887007974/web/images/close.png]
[p.w3layouts.com/demos_new/template_demo/28-09-2017/apt_resume-demo_Free/1887007974/web/images/loading.gif]
[p.w3layouts.com/demos_new/template_demo/28-09-2017/apt_resume-demo_Free/1887007974/web/css/chocolat.css]
[p.w3layouts.com/demos_new/template_demo/28-09-2017/apt_resume-demo_Free/1887007974/web/fonts/glyphicons-halflings-regular.svg]
[p.w3layouts.com/demos_new/template_demo/28-09-2017/apt_resume-demo_Free/1887007974/web/fonts/fontawesome-webfont5b62.svg]
[p.w3layouts.com/demos_new/template_demo/28-09-2017/apt_resume-demo_Free/1887007974/web/images/loading.html]
